21:9:38 GET: / user-agent: Mozilla/5.0 (Macintosh; Intel Mac OS X 10_15_7) AppleWebKit/537.36 (KHTML, like Gecko) Chrome/96.0.4664.93 Safari/537.36
21:10:32 GET: / user-agent: Mozilla/5.0 (Macintosh; Intel Mac OS X 10_15_7) AppleWebKit/537.36 (KHTML, like Gecko) Chrome/96.0.4664.93 Safari/537.36
21:10:35 GET: /books user-agent: Mozilla/5.0 (Macintosh; Intel Mac OS X 10_15_7) AppleWebKit/537.36 (KHTML, like Gecko) Chrome/96.0.4664.93 Safari/537.36
21:12:28 GET: /api/books user-agent: PostmanRuntime/7.28.4
21:12:57 GET: /books user-agent: Mozilla/5.0 (Macintosh; Intel Mac OS X 10_15_7) AppleWebKit/537.36 (KHTML, like Gecko) Chrome/96.0.4664.93 Safari/537.36
21:20:26 GET: /books user-agent: Mozilla/5.0 (Macintosh; Intel Mac OS X 10_15_7) AppleWebKit/537.36 (KHTML, like Gecko) Chrome/96.0.4664.93 Safari/537.36
21:20:56 GET: /books user-agent: Mozilla/5.0 (Macintosh; Intel Mac OS X 10_15_7) AppleWebKit/537.36 (KHTML, like Gecko) Chrome/96.0.4664.93 Safari/537.36
21:20:57 GET: /books user-agent: Mozilla/5.0 (Macintosh; Intel Mac OS X 10_15_7) AppleWebKit/537.36 (KHTML, like Gecko) Chrome/96.0.4664.93 Safari/537.36
21:21:6 GET: /books user-agent: Mozilla/5.0 (Macintosh; Intel Mac OS X 10_15_7) AppleWebKit/537.36 (KHTML, like Gecko) Chrome/96.0.4664.93 Safari/537.36
21:21:9 GET: / user-agent: Mozilla/5.0 (Macintosh; Intel Mac OS X 10_15_7) AppleWebKit/537.36 (KHTML, like Gecko) Chrome/96.0.4664.93 Safari/537.36
14:4:11 GET: /api/books user-agent: PostmanRuntime/7.28.4
19:33:30 GET: /api/books user-agent: PostmanRuntime/7.28.4
20:7:20 GET: /api/books user-agent: PostmanRuntime/7.28.4
20:7:52 GET: /api/books user-agent: PostmanRuntime/7.28.4
20:9:12 GET: /api/books user-agent: PostmanRuntime/7.28.4
20:11:16 GET: /api/books user-agent: PostmanRuntime/7.28.4
20:12:58 GET: /api/books user-agent: PostmanRuntime/7.28.4
20:13:37 GET: /api/books user-agent: PostmanRuntime/7.28.4
20:14:10 GET: /api/books user-agent: PostmanRuntime/7.28.4
20:14:36 GET: /api/books user-agent: PostmanRuntime/7.28.4
20:14:55 GET: /api/books user-agent: PostmanRuntime/7.28.4
20:21:22 GET: /api/books user-agent: PostmanRuntime/7.28.4
20:31:0 GET: /api/books user-agent: PostmanRuntime/7.28.4
20:31:47 GET: /api/books user-agent: PostmanRuntime/7.28.4
20:31:57 GET: /api/books user-agent: PostmanRuntime/7.28.4
20:32:7 GET: /api/books user-agent: PostmanRuntime/7.28.4
20:33:11 GET: /api/books user-agent: PostmanRuntime/7.28.4
20:33:23 GET: /api/books user-agent: PostmanRuntime/7.28.4
20:34:58 GET: /api/books user-agent: PostmanRuntime/7.28.4
20:35:26 GET: /api/books user-agent: PostmanRuntime/7.28.4
20:36:17 GET: /api/books user-agent: PostmanRuntime/7.28.4
20:36:20 GET: /api/books user-agent: PostmanRuntime/7.28.4
20:36:29 GET: /api/books user-agent: PostmanRuntime/7.28.4
20:37:46 GET: /api/books user-agent: PostmanRuntime/7.28.4
20:39:7 GET: /api/books user-agent: PostmanRuntime/7.28.4
20:40:17 GET: /api/books user-agent: PostmanRuntime/7.28.4
20:42:6 GET: /api/books user-agent: PostmanRuntime/7.28.4
20:42:11 GET: /api/books/6162bcbf10ab6b0a8f7ced41 user-agent: PostmanRuntime/7.28.4
20:42:24 GET: /api/books?id=6162bcbf10ab6b0a8f7ced41 user-agent: PostmanRuntime/7.28.4
20:42:31 GET: /api/books/6162bcbf10ab6b0a8f7ced41 user-agent: PostmanRuntime/7.28.4
20:43:10 GET: /api/books/6162bcbf10ab6b0a8f7ced41 user-agent: PostmanRuntime/7.28.4
20:43:13 GET: /api/books user-agent: PostmanRuntime/7.28.4
20:43:43 GET: /api/books/6162bcbf10ab6b0a8f7ced41 user-agent: PostmanRuntime/7.28.4
20:44:16 GET: /api/books/6162bcbf10ab6b0a8f7ced41 user-agent: PostmanRuntime/7.28.4
20:46:22 GET: /api/books/6162bcbf10ab6b0a8f7ced41 user-agent: PostmanRuntime/7.28.4
20:48:17 PUT: /api/books/6162bcbf10ab6b0a8f7ced41 user-agent: PostmanRuntime/7.28.4
20:48:38 PUT: /api/books/6162bcbf10ab6b0a8f7ced41 user-agent: PostmanRuntime/7.28.4
20:49:11 PUT: /api/books/6162bcbf10ab6b0a8f7ced41 user-agent: PostmanRuntime/7.28.4
20:49:49 PUT: /api/books/6162bcbf10ab6b0a8f7ced41 user-agent: PostmanRuntime/7.28.4
20:51:8 PUT: /api/books/6162bcbf10ab6b0a8f7ced41 user-agent: PostmanRuntime/7.28.4
20:51:37 PUT: /api/books/6162bcbf10ab6b0a8f7ced41 user-agent: PostmanRuntime/7.28.4
20:52:45 PUT: /api/books/6162bcbf10ab6b0a8f7ced41 user-agent: PostmanRuntime/7.28.4
20:52:49 PUT: /api/books/6162bcbf10ab6b0a8f7ced411 user-agent: PostmanRuntime/7.28.4
20:53:8 POST: /api/books user-agent: PostmanRuntime/7.28.4
20:53:39 POST: /api/books user-agent: PostmanRuntime/7.28.4
20:54:10 POST: /api/books user-agent: PostmanRuntime/7.28.4
20:57:1 GET: /api/books/6162bcbf10ab6b0a8f7ced41 user-agent: PostmanRuntime/7.28.4
20:57:8 PUT: /api/books/6162bcbf10ab6b0a8f7ced411 user-agent: PostmanRuntime/7.28.4
20:58:31 POST: /api/books user-agent: PostmanRuntime/7.28.4
20:59:27 POST: /api/books user-agent: PostmanRuntime/7.28.4
21:0:23 POST: /api/books user-agent: PostmanRuntime/7.28.4
21:0:30 PUT: /api/books/6162bcbf10ab6b0a8f7ced41 user-agent: PostmanRuntime/7.28.4
21:0:38 GET: /api/books user-agent: PostmanRuntime/7.28.4
21:1:19 PUT: /api/books/6162bcbf10ab6b0a8f7ced41 user-agent: PostmanRuntime/7.28.4
21:2:25 PUT: /api/books/6162bcbf10ab6b0a8f7ced41 user-agent: PostmanRuntime/7.28.4
21:3:10 PUT: /api/books/6162bcbf10ab6b0a8f7ced41 user-agent: PostmanRuntime/7.28.4
21:3:20 PUT: /api/books/6162bcbf10ab6b0a8f7ced41 user-agent: PostmanRuntime/7.28.4
21:3:24 PUT: /api/books/6162bcbf10ab6b0a8f7ced41 user-agent: PostmanRuntime/7.28.4
21:3:52 POST: /api/books user-agent: PostmanRuntime/7.28.4
21:3:58 GET: /api/books user-agent: PostmanRuntime/7.28.4
